  [1m[35m (20.5ms)[0m  [1m[35mCREATE TABLE `schema_migrations` (`version` varchar(255) PRIMARY KEY) ENGINE=InnoDB[0m
  [1m[35m (14.2ms)[0m  [1m[35mCREATE TABLE `ar_internal_metadata` (`key` varchar(255) PRIMARY KEY, `value` varchar(255), `created_at` datetime NOT NULL, `updated_at` datetime NOT NULL) ENGINE=InnoDB[0m
  [1m[35m (0.2ms)[0m  [1m[34mSELECT DATABASE() as db[0m
  [1m[35m (0.2ms)[0m  [1m[34mSELECT GET_LOCK('7459091170506617355', 0);[0m
  [1m[36mActiveRecord::SchemaMigration Load (8.1ms)[0m  [1m[34mSELECT `schema_migrations`.* FROM `schema_migrations`[0m
Migrating to CreateFriends (20180114033735)
  [1m[35m (16.4ms)[0m  [1m[35mCREATE TABLE `friends` (`id` int AUTO_INCREMENT PRIMARY KEY, `name` varchar(255), `age` int, `address` varchar(255), `mail` varchar(255), `created_at` datetime NOT NULL, `updated_at` datetime NOT NULL) ENGINE=InnoDB[0m
  [1m[35m (0.2ms)[0m  [1m[35mBEGIN[0m
  [1m[35mSQL (0.2ms)[0m  [1m[32mINSERT INTO `schema_migrations` (`version`) VALUES ('20180114033735')[0m
  [1m[35m (1.0ms)[0m  [1m[35mCOMMIT[0m
  [1m[36mActiveRecord::InternalMetadata Load (0.3ms)[0m  [1m[34mSELECT  `ar_internal_metadata`.* FROM `ar_internal_metadata` WHERE `ar_internal_metadata`.`key` = 'environment' LIMIT 1[0m
  [1m[35m (0.2ms)[0m  [1m[35mBEGIN[0m
  [1m[35mSQL (0.3ms)[0m  [1m[32mINSERT INTO `ar_internal_metadata` (`key`, `value`, `created_at`, `updated_at`) VALUES ('environment', 'development', '2018-01-14 03:38:17', '2018-01-14 03:38:17')[0m
  [1m[35m (1.4ms)[0m  [1m[35mCOMMIT[0m
  [1m[35m (0.2ms)[0m  [1m[34mSELECT RELEASE_LOCK('7459091170506617355')[0m
  [1m[36mActiveRecord::SchemaMigration Load (0.3ms)[0m  [1m[34mSELECT `schema_migrations`.* FROM `schema_migrations`[0m
  [1m[35m (0.4ms)[0m  [1m[35mSHOW CREATE TABLE `friends`[0m
  [1m[35m (0.5ms)[0m  [1m[35mSHOW TABLE STATUS LIKE 'friends'[0m
Started GET "/" for 127.0.0.1 at 2018-01-14 12:38:35 +0900
  [1m[36mActiveRecord::SchemaMigration Load (0.3ms)[0m  [1m[34mSELECT `schema_migrations`.* FROM `schema_migrations`[0m
Processing by Rails::WelcomeController#index as HTML
  Parameters: {"internal"=>true}
  Rendering vendor/bundler/gems/railties-5.0.6/lib/rails/templates/rails/welcome/index.html.erb
  Rendered vendor/bundler/gems/railties-5.0.6/lib/rails/templates/rails/welcome/index.html.erb (5.2ms)
Completed 200 OK in 30ms (Views: 15.1ms | ActiveRecord: 0.0ms)


Started GET "/friends" for 127.0.0.1 at 2018-01-14 12:38:52 +0900
Processing by FriendsController#index as HTML
  Rendering friends/index.html.erb within layouts/application
  [1m[36mFriend Load (0.7ms)[0m  [1m[34mSELECT `friends`.* FROM `friends`[0m
  Rendered friends/index.html.erb within layouts/application (13.3ms)
Completed 200 OK in 1227ms (Views: 1213.6ms | ActiveRecord: 1.3ms)


